#ls
arb_bin_1 6 ((((AB04)(AB05)AB03)AB02)(AB06)AB01)
arb_bin_2 5 ((AB08)((AB10)(AB11)AB09)AB07)
colas 3 (((C03)C02)C01)
colas_prior 7 (((CP04)CP02)(((CP06)(CP07)CP05)CP03)CP01)
divide_y_venceras 7 (((DV04)(DV05)DV02)((DV06)(DV07)DV03)DV01)
generacion_exhaustiva 7 ((((GE06)GE04)GE02)(((GE07)GE05)GE03)GE01)
listas_1 4 (((L04)L02)(L03)L01)
listas_2 4 (((L07)(L08)L06)L05)
maps 7 (((M03)(M05)M02)((M06)(M07)M04)M01)
matrices 5 (((V21)V20)((V23)V22)V19)
pilas 4 (((P04)P02)(P03)P01)
pilas_y_colas_sel 6 (((P06)P05)((C04)(C05)C02)P03)
sets 3 ((S02)(S03)S01)
tuplas 5 (((T04)(T05)T02)(T03)T01)
vectores_0 3 ((V02)(V03)V01)
vectores_1 6 (((V04)V02)((V05)(V06)V03)V01)
vectores_2 8 ((((V10)V09)(V11)V08)(((V14)V13)V12)V07)
vectores_3 4 (((V17)(V18)V16)V15)
vectores_sel 8 (((V16)((V22)V24)V10)((V14)(V18)V25)V06)
#nuevo_problema S03
error: el problema ya existe
#np S04
108
#np M08
109
#np M09
110
#nuevo_problema G13
111
#np G14
112
#np G15
113
#np G16
114
#np G01
error: el problema ya existe
#nueva_sesion maps
error: la sesion ya existe
#ns maps_y_sets_sel
20
#nueva_sesion grafos_1
21
#ns grafos_2
22
#ns grafos_sel
23
#nuevo_curso
error: curso mal formado
#nc
error: curso mal formado
#nuevo_curso
4
#nc
5
#alta_usuario SergioBusquets
error: el usuario ya existe
#a OusmaneDembele
13
#baja_usuario AnsuFati
12
#b AnsuFati
error: el usuario no existe
#lc
1 0 0 2 (tuplas vectores_0)
2 0 0 7 (tuplas vectores_1 vectores_2 vectores_3 matrices pilas colas)
3 0 0 9 (vectores_sel pilas_y_colas_sel listas_1 listas_2 arb_bin_1 arb_bin_2 sets maps colas_prior)
4 0 0 2 (maps_y_sets_sel colas_prior)
5 0 0 6 (maps_y_sets_sel colas_prior divide_y_venceras grafos_1 grafos_2 generacion_exhaustiva)
#escribir_problema G12
G12(0,0,1)
#ep G99
error: el problema no existe
#escribir_sesion grafos_2
grafos_2 6 ((G08)(((G12)G10)(G11)G09)G07)
#es grafos_3
error: la sesion no existe
#es grafos_sel
grafos_sel 11 ((((G13)G03)((G14)G04)G02)(((G15)G08)((G16)G09)G07)G01)
#escribir_curso 5
5 0 0 6 (maps_y_sets_sel colas_prior divide_y_venceras grafos_1 grafos_2 generacion_exhaustiva)
#ec 6
error: el curso no existe
#escribir_usuario LuisSuarez
error: el usuario no existe
#eu LionelMessi
LionelMessi(0,0,0,0)
#sesion_problema 1 V01
vectores_0
#sp 0 V01
error: el curso no existe
#sp 1 V20
error: el problema no pertenece al curso
#sp 1 V30
error: el problema no existe
#sp 2 V06
vectores_1
#sp 3 V06
vectores_sel
#sp 4 M04
maps_y_sets_sel
#sp 5 G11
grafos_2
#sp 6 L01
error: el curso no existe
#inscribir_curso Pedri 1
1
#i Pedri 2
error: usuario inscrito en otro curso
#i AnsuFati 1
error: el usuario no existe
#i LionelMessi 7
error: el curso no existe
#i LionelMessi 3
1
#i AitanaBonmati 2
1
#i MarcTerStegen 4
1
#i VickyLosada 4
2
#i LiekeMartens 1
2
#i MapiLeon 5
1
#problemas_enviables Pedri
T01(0)
V01(0)
#problemas_enviables AitanaBonmati
C01(0)
P01(0)
T01(0)
V01(0)
V07(0)
V15(0)
V19(0)
#pe MapiLeon
CP01(0)
DV01(0)
G01(0)
G07(0)
GE01(0)
S02(0)
#pe AnsuFati
error: el usuario no existe
#pe SerginhoDest
error: usuario no inscrito en ningun curso
#problemas_resueltos Pedri
#pr LuisSuarez
error: el usuario no existe
#curso_usuario AitanaBonmati
2
#escribir_curso 2
2 0 1 7 (tuplas vectores_1 vectores_2 vectores_3 matrices pilas colas)
#b AitanaBonmati
11
#ec 2
2 0 0 7 (tuplas vectores_1 vectores_2 vectores_3 matrices pilas colas)
#cu AitanaBonmati
error: el usuario no existe
#cu JenniferHermoso
0
#cu MarcTerStegen
4
#lu
AlexiaPutellas(0,0,0,0)
JenniferHermoso(0,0,0,0)
LiekeMartens(0,0,0,1)
LionelMessi(0,0,0,3)
MapiLeon(0,0,0,5)
MarcTerStegen(0,0,0,4)
OusmaneDembele(0,0,0,0)
Pedri(0,0,0,1)
SerginhoDest(0,0,0,0)
SergioBusquets(0,0,0,0)
VickyLosada(0,0,0,4)
#a AitanaBonmati
12
#envio Pedri V01 0
#e Pedri V01 0
#e Pedri V01 1
#e Pedri T01 1
#pe Pedri
T01(0)
V01(0)
#e Pedri V02 0
