#lp
P1(0,0,1)
P10(0,0,1)
P2(0,0,1)
P3(0,0,1)
P4(0,0,1)
P5(0,0,1)
P6(0,0,1)
P7(0,0,1)
P8(0,0,1)
P9(0,0,1)
#ls
S1 4 (((P6)P1)(P10)P3)
S2 3 ((P8)(P4)P2)
S3 4 (((P2)(P4)P5)P8)
S6 4 (((P5)P10)(P6)P9)
S8 3 ((P3)(P7)P1)
#lc
1 0 0 2 (S2 S1)
2 0 0 3 (S6 S2 S8)
#lu
Alicia(0,0,0,0)
Jordi(0,0,0,0)
Marc(0,0,0,0)
Pol(0,0,0,0)
#baja_usuario Manolo
error: el usuario no existe
#alta_usuario Jordi
error: el usuario ya existe
#alta_usuario Miriam
5
#lu
Alicia(0,0,0,0)
Jordi(0,0,0,0)
Marc(0,0,0,0)
Miriam(0,0,0,0)
Pol(0,0,0,0)
#baja_usuario Pol
4
#lu
Alicia(0,0,0,0)
Jordi(0,0,0,0)
Marc(0,0,0,0)
Miriam(0,0,0,0)
#nuevo_problema P12
11
#nuevo_problema P5
error: el problema ya existe
#lp
P1(0,0,1)
P10(0,0,1)
P12(0,0,1)
P2(0,0,1)
P3(0,0,1)
P4(0,0,1)
P5(0,0,1)
P6(0,0,1)
P7(0,0,1)
P8(0,0,1)
P9(0,0,1)
